<?xml version="1.0" encoding="UTF-8"?>
<!-- Generated by org.testng.reporters.JUnitReportReporter -->
<testsuite hostname="NuzsLaptop" failures="0" tests="1" name="test.AddCustomerTest" time="12.059" errors="0" timestamp="28 Mar 2023 23:56:08 GMT" skipped="0">
  <testcase classname="test.AddCustomerTest" name="userShouldBeAbleToAddCustomer" time="12.059"/>
</testsuite> <!-- test.AddCustomerTest -->
