<?xml version="1.0" encoding="UTF-8"?>
<!-- Generated by org.testng.reporters.JUnitReportReporter -->
<testsuite hostname="NuzsLaptop" failures="0" tests="1" name="test.LoginTest" time="12.823" errors="0" timestamp="28 Mar 2023 22:17:21 GMT" skipped="0">
  <testcase classname="test.LoginTest" name="validUserShouldbeAbleToLogin" time="12.823"/>
</testsuite> <!-- test.LoginTest -->
